# JRE version: OpenJDK Runtime Environment Temurin-17.0.2+8 (17.0.2+8) (build 17.0.2+8)
# Java VM: OpenJDK 64-Bit Server VM Temurin-17.0.2+8 (17.0.2+8, mixed mode, tiered, compressed oops, compressed class ptrs, parallel gc, linux-amd64)
GC Precious Log:
 CPUs: 4 total, 4 available
 Memory: 15951M
 Large Page Support: Disabled
 NUMA Support: Disabled
 Compressed Oops: Enabled (32-bit)
 Alignments: Space 512K, Generation 512K, Heap 2M
 Heap Min Capacity: 100M
 Heap Initial Capacity: 100M
 Heap Max Capacity: 1G
 Pre-touch: Disabled
 Parallel Workers: 4
Heap:
 PSYoungGen      total 8192K, used 2310K [0x00000000eab00000, 0x00000000eb700000, 0x0000000100000000)
  eden space 7680K, 23% used [0x00000000eab00000,0x00000000eacc9838,0x00000000eb280000)
  from space 512K, 93% used [0x00000000eb600000,0x00000000eb678000,0x00000000eb680000)
  to   space 512K, 0% used [0x00000000eb680000,0x00000000eb680000,0x00000000eb700000)
 ParOldGen       total 300032K, used 278834K [0x00000000c0000000, 0x00000000d2500000, 0x00000000eab00000)
  object space 300032K, 92% used [0x00000000c0000000,0x00000000d104c880,0x00000000d2500000)
 Metaspace       used 74855K, committed 75712K, reserved 1122304K
  class space    used 7839K, committed 8192K, reserved 1048576K
GC Heap History (20 events):
Event: 205.131 GC heap before
{Heap before GC invocations=403 (full 13):
 PSYoungGen      total 9728K, used 9715K [0x00000000eab00000, 0x00000000ec600000, 0x0000000100000000)
  eden space 8192K, 100% used [0x00000000eab00000,0x00000000eb300000,0x00000000eb300000)
  from space 1536K, 99% used [0x00000000eb580000,0x00000000eb6fcca0,0x00000000eb700000)
  to   space 9728K, 0% used [0x00000000ebc80000,0x00000000ebc80000,0x00000000ec600000)
 ParOldGen       total 300032K, used 267802K [0x00000000c0000000, 0x00000000d2500000, 0x00000000eab00000)
  object space 300032K, 89% used [0x00000000c0000000,0x00000000d0586bb0,0x00000000d2500000)
 Metaspace       used 74695K, committed 75520K, reserved 1122304K
  class space    used 7836K, committed 8192K, reserved 1048576K
}
Event: 205.136 GC heap after
{Heap after GC invocations=403 (full 13):
 PSYoungGen      total 12800K, used 4215K [0x00000000eab00000, 0x00000000ec100000, 0x0000000100000000)
  eden space 8192K, 0% used [0x00000000eab00000,0x00000000eab00000,0x00000000eb300000)
  from space 4608K, 91% used [0x00000000ebc80000,0x00000000ec09ddc0,0x00000000ec100000)
  to   space 5632K, 0% used [0x00000000eb600000,0x00000000eb600000,0x00000000ebb80000)
 ParOldGen       total 300032K, used 269350K [0x00000000c0000000, 0x00000000d2500000, 0x00000000eab00000)
  object space 300032K, 89% used [0x00000000c0000000,0x00000000d0709850,0x00000000d2500000)
 Metaspace       used 74695K, committed 75520K, reserved 1122304K
  class space    used 7836K, committed 8192K, reserved 1048576K
}
Event: 206.206 GC heap before
{Heap before GC invocations=404 (full 13):
 PSYoungGen      total 12800K, used 12407K [0x00000000eab00000, 0x00000000ec100000, 0x0000000100000000)
  eden space 8192K, 100% used [0x00000000eab00000,0x00000000eb300000,0x00000000eb300000)
  from space 4608K, 91% used [0x00000000ebc80000,0x00000000ec09ddc0,0x00000000ec100000)
  to   space 5632K, 0% used [0x00000000eb600000,0x00000000eb600000,0x00000000ebb80000)
 ParOldGen       total 300032K, used 269350K [0x00000000c0000000, 0x00000000d2500000, 0x00000000eab00000)
  object space 300032K, 89% used [0x00000000c0000000,0x00000000d0709850,0x00000000d2500000)
 Metaspace       used 74706K, committed 75584K, reserved 1122304K
  class space    used 7836K, committed 8192K, reserved 1048576K
}
Event: 206.213 GC heap after
{Heap after GC invocations=404 (full 13):
 PSYoungGen      total 9216K, used 784K [0x00000000eab00000, 0x00000000ebd00000, 0x0000000100000000)
  eden space 8192K, 0% used [0x00000000eab00000,0x00000000eab00000,0x00000000eb300000)
  from space 1024K, 76% used [0x00000000eb600000,0x00000000eb6c4010,0x00000000eb700000)
  to   space 2560K, 0% used [0x00000000eba80000,0x00000000eba80000,0x00000000ebd00000)
 ParOldGen       total 300032K, used 273490K [0x00000000c0000000, 0x00000000d2500000, 0x00000000eab00000)
  object space 300032K, 91% used [0x00000000c0000000,0x00000000d0b14aa0,0x00000000d2500000)
 Metaspace       used 74706K, committed 75584K, reserved 1122304K
  class space    used 7836K, committed 8192K, reserved 1048576K
}
Event: 209.079 GC heap before
{Heap before GC invocations=405 (full 13):
 PSYoungGen      total 9216K, used 8976K [0x00000000eab00000, 0x00000000ebd00000, 0x0000000100000000)
  eden space 8192K, 100% used [0x00000000eab00000,0x00000000eb300000,0x00000000eb300000)
  from space 1024K, 76% used [0x00000000eb600000,0x00000000eb6c4010,0x00000000eb700000)
  to   space 2560K, 0% used [0x00000000eba80000,0x00000000eba80000,0x00000000ebd00000)
 ParOldGen       total 300032K, used 273490K [0x00000000c0000000, 0x00000000d2500000, 0x00000000eab00000)
  object space 300032K, 91% used [0x00000000c0000000,0x00000000d0b14aa0,0x00000000d2500000)
 Metaspace       used 74718K, committed 75584K, reserved 1122304K
  class space    used 7836K, committed 8192K, reserved 1048576K
}
Event: 209.082 GC heap after
{Heap after GC invocations=405 (full 13):
 PSYoungGen      total 9728K, used 1120K [0x00000000eab00000, 0x00000000ebc00000, 0x0000000100000000)
  eden space 8192K, 0% used [0x00000000eab00000,0x00000000eab00000,0x00000000eb300000)
  from space 1536K, 72% used [0x00000000eba80000,0x00000000ebb98020,0x00000000ebc00000)
  to   space 1536K, 0% used [0x00000000eb900000,0x00000000eb900000,0x00000000eba80000)
 ParOldGen       total 300032K, used 273498K [0x00000000c0000000, 0x00000000d2500000, 0x00000000eab00000)
  object space 300032K, 91% used [0x00000000c0000000,0x00000000d0b16aa0,0x00000000d2500000)
 Metaspace       used 74718K, committed 75584K, reserved 1122304K
  class space    used 7836K, committed 8192K, reserved 1048576K
}
Event: 210.189 GC heap before
{Heap before GC invocations=406 (full 13):
 PSYoungGen      total 9728K, used 9312K [0x00000000eab00000, 0x00000000ebc00000, 0x0000000100000000)
  eden space 8192K, 100% used [0x00000000eab00000,0x00000000eb300000,0x00000000eb300000)
  from space 1536K, 72% used [0x00000000eba80000,0x00000000ebb98020,0x00000000ebc00000)
  to   space 1536K, 0% used [0x00000000eb900000,0x00000000eb900000,0x00000000eba80000)
 ParOldGen       total 300032K, used 273498K [0x00000000c0000000, 0x00000000d2500000, 0x00000000eab00000)
  object space 300032K, 91% used [0x00000000c0000000,0x00000000d0b16aa0,0x00000000d2500000)
 Metaspace       used 74718K, committed 75584K, reserved 1122304K
  class space    used 7836K, committed 8192K, reserved 1048576K
}
Event: 210.192 GC heap after
{Heap after GC invocations=406 (full 13):
 PSYoungGen      total 9216K, used 976K [0x00000000eab00000, 0x00000000ebb00000, 0x0000000100000000)
  eden space 8192K, 0% used [0x00000000eab00000,0x00000000eab00000,0x00000000eb300000)
  from space 1024K, 95% used [0x00000000eb900000,0x00000000eb9f4010,0x00000000eba00000)
  to   space 1024K, 0% used [0x00000000eba00000,0x00000000eba00000,0x00000000ebb00000)
 ParOldGen       total 300032K, used 273506K [0x00000000c0000000, 0x00000000d2500000, 0x00000000eab00000)
  object space 300032K, 91% used [0x00000000c0000000,0x00000000d0b18aa0,0x00000000d2500000)
 Metaspace       used 74718K, committed 75584K, reserved 1122304K
  class space    used 7836K, committed 8192K, reserved 1048576K
}
Event: 210.717 GC heap before
{Heap before GC invocations=407 (full 13):
 PSYoungGen      total 9216K, used 9168K [0x00000000eab00000, 0x00000000ebb00000, 0x0000000100000000)
  eden space 8192K, 100% used [0x00000000eab00000,0x00000000eb300000,0x00000000eb300000)
  from space 1024K, 95% used [0x00000000eb900000,0x00000000eb9f4010,0x00000000eba00000)
  to   space 1024K, 0% used [0x00000000eba00000,0x00000000eba00000,0x00000000ebb00000)
 ParOldGen       total 300032K, used 273506K [0x00000000c0000000, 0x00000000d2500000, 0x00000000eab00000)
  object space 300032K, 91% used [0x00000000c0000000,0x00000000d0b18aa0,0x00000000d2500000)
 Metaspace       used 74720K, committed 75584K, reserved 1122304K
  class space    used 7836K, committed 8192K, reserved 1048576K
}
Event: 210.724 GC heap after
{Heap after GC invocations=407 (full 13):
 PSYoungGen      total 8704K, used 1011K [0x00000000eab00000, 0x00000000ec200000, 0x0000000100000000)
  eden space 7680K, 0% used [0x00000000eab00000,0x00000000eab00000,0x00000000eb280000)
  from space 1024K, 98% used [0x00000000eba00000,0x00000000ebafcca0,0x00000000ebb00000)
  to   space 7680K, 0% used [0x00000000eb280000,0x00000000eb280000,0x00000000eba00000)
 ParOldGen       total 300032K, used 278770K [0x00000000c0000000, 0x00000000d2500000, 0x00000000eab00000)
  object space 300032K, 92% used [0x00000000c0000000,0x00000000d103c880,0x00000000d2500000)
 Metaspace       used 74720K, committed 75584K, reserved 1122304K
  class space    used 7836K, committed 8192K, reserved 1048576K
}
Event: 210.769 GC heap before
{Heap before GC invocations=408 (full 13):
 PSYoungGen      total 8704K, used 8689K [0x00000000eab00000, 0x00000000ec200000, 0x0000000100000000)
  eden space 7680K, 99% used [0x00000000eab00000,0x00000000eb27fb38,0x00000000eb280000)
  from space 1024K, 98% used [0x00000000eba00000,0x00000000ebafcca0,0x00000000ebb00000)
  to   space 7680K, 0% used [0x00000000eb280000,0x00000000eb280000,0x00000000eba00000)
 ParOldGen       total 300032K, used 278770K [0x00000000c0000000, 0x00000000d2500000, 0x00000000eab00000)
  object space 300032K, 92% used [0x00000000c0000000,0x00000000d103c880,0x00000000d2500000)
 Metaspace       used 74720K, committed 75584K, reserved 1122304K
  class space    used 7836K, committed 8192K, reserved 1048576K
}
Event: 210.777 GC heap after
{Heap after GC invocations=408 (full 13):
 PSYoungGen      total 10752K, used 2935K [0x00000000eab00000, 0x00000000ebb80000, 0x0000000100000000)
  eden space 7680K, 0% used [0x00000000eab00000,0x00000000eab00000,0x00000000eb280000)
  from space 3072K, 95% used [0x00000000eb280000,0x00000000eb55ddb0,0x00000000eb580000)
  to   space 4608K, 0% used [0x00000000eb700000,0x00000000eb700000,0x00000000ebb80000)
 ParOldGen       total 300032K, used 278810K [0x00000000c0000000, 0x00000000d2500000, 0x00000000eab00000)
  object space 300032K, 92% used [0x00000000c0000000,0x00000000d1046880,0x00000000d2500000)
 Metaspace       used 74720K, committed 75584K, reserved 1122304K
  class space    used 7836K, committed 8192K, reserved 1048576K
}
Event: 459.403 GC heap before
{Heap before GC invocations=409 (full 13):
 PSYoungGen      total 10752K, used 10615K [0x00000000eab00000, 0x00000000ebb80000, 0x0000000100000000)
  eden space 7680K, 100% used [0x00000000eab00000,0x00000000eb280000,0x00000000eb280000)
  from space 3072K, 95% used [0x00000000eb280000,0x00000000eb55ddb0,0x00000000eb580000)
  to   space 4608K, 0% used [0x00000000eb700000,0x00000000eb700000,0x00000000ebb80000)
 ParOldGen       total 300032K, used 278810K [0x00000000c0000000, 0x00000000d2500000, 0x00000000eab00000)
  object space 300032K, 92% used [0x00000000c0000000,0x00000000d1046880,0x00000000d2500000)
 Metaspace       used 74753K, committed 75584K, reserved 1122304K
  class space    used 7838K, committed 8192K, reserved 1048576K
}
Event: 459.406 GC heap after
{Heap after GC invocations=409 (full 13):
 PSYoungGen      total 8192K, used 480K [0x00000000eab00000, 0x00000000eb780000, 0x0000000100000000)
  eden space 7680K, 0% used [0x00000000eab00000,0x00000000eab00000,0x00000000eb280000)
  from space 512K, 93% used [0x00000000eb700000,0x00000000eb778000,0x00000000eb780000)
  to   space 2048K, 0% used [0x00000000eb380000,0x00000000eb380000,0x00000000eb580000)
 ParOldGen       total 300032K, used 278810K [0x00000000c0000000, 0x00000000d2500000, 0x00000000eab00000)
  object space 300032K, 92% used [0x00000000c0000000,0x00000000d1046880,0x00000000d2500000)
 Metaspace       used 74753K, committed 75584K, reserved 1122304K
  class space    used 7838K, committed 8192K, reserved 1048576K
}
Event: 3349.708 GC heap before
{Heap before GC invocations=410 (full 13):
 PSYoungGen      total 8192K, used 8153K [0x00000000eab00000, 0x00000000eb780000, 0x0000000100000000)
  eden space 7680K, 99% used [0x00000000eab00000,0x00000000eb27e468,0x00000000eb280000)
  from space 512K, 93% used [0x00000000eb700000,0x00000000eb778000,0x00000000eb780000)
  to   space 2048K, 0% used [0x00000000eb380000,0x00000000eb380000,0x00000000eb580000)
 ParOldGen       total 300032K, used 278810K [0x00000000c0000000, 0x00000000d2500000, 0x00000000eab00000)
  object space 300032K, 92% used [0x00000000c0000000,0x00000000d1046880,0x00000000d2500000)
 Metaspace       used 74839K, committed 75712K, reserved 1122304K
  class space    used 7839K, committed 8192K, reserved 1048576K
}
Event: 3349.710 GC heap after
{Heap after GC invocations=410 (full 13):
 PSYoungGen      total 9728K, used 512K [0x00000000eab00000, 0x00000000eb780000, 0x0000000100000000)
  eden space 7680K, 0% used [0x00000000eab00000,0x00000000eab00000,0x00000000eb280000)
  from space 2048K, 25% used [0x00000000eb380000,0x00000000eb400000,0x00000000eb580000)
  to   space 1024K, 0% used [0x00000000eb680000,0x00000000eb680000,0x00000000eb780000)
 ParOldGen       total 300032K, used 278818K [0x00000000c0000000, 0x00000000d2500000, 0x00000000eab00000)
  object space 300032K, 92% used [0x00000000c0000000,0x00000000d1048880,0x00000000d2500000)
 Metaspace       used 74839K, committed 75712K, reserved 1122304K
  class space    used 7839K, committed 8192K, reserved 1048576K
}
Event: 6290.830 GC heap before
{Heap before GC invocations=411 (full 13):
 PSYoungGen      total 9728K, used 8191K [0x00000000eab00000, 0x00000000eb780000, 0x0000000100000000)
  eden space 7680K, 99% used [0x00000000eab00000,0x00000000eb27ffa8,0x00000000eb280000)
  from space 2048K, 25% used [0x00000000eb380000,0x00000000eb400000,0x00000000eb580000)
  to   space 1024K, 0% used [0x00000000eb680000,0x00000000eb680000,0x00000000eb780000)
 ParOldGen       total 300032K, used 278818K [0x00000000c0000000, 0x00000000d2500000, 0x00000000eab00000)
  object space 300032K, 92% used [0x00000000c0000000,0x00000000d1048880,0x00000000d2500000)
 Metaspace       used 74848K, committed 75712K, reserved 1122304K
  class space    used 7839K, committed 8192K, reserved 1048576K
}
Event: 6290.833 GC heap after
{Heap after GC invocations=411 (full 13):
 PSYoungGen      total 8192K, used 464K [0x00000000eab00000, 0x00000000eb700000, 0x0000000100000000)
  eden space 7680K, 0% used [0x00000000eab00000,0x00000000eab00000,0x00000000eb280000)
  from space 512K, 90% used [0x00000000eb680000,0x00000000eb6f4010,0x00000000eb700000)
  to   space 512K, 0% used [0x00000000eb600000,0x00000000eb600000,0x00000000eb680000)
 ParOldGen       total 300032K, used 278826K [0x00000000c0000000, 0x00000000d2500000, 0x00000000eab00000)
  object space 300032K, 92% used [0x00000000c0000000,0x00000000d104a880,0x00000000d2500000)
 Metaspace       used 74848K, committed 75712K, reserved 1122304K
  class space    used 7839K, committed 8192K, reserved 1048576K
}
Event: 9231.975 GC heap before
{Heap before GC invocations=412 (full 13):
 PSYoungGen      total 8192K, used 8144K [0x00000000eab00000, 0x00000000eb700000, 0x0000000100000000)
  eden space 7680K, 100% used [0x00000000eab00000,0x00000000eb280000,0x00000000eb280000)
  from space 512K, 90% used [0x00000000eb680000,0x00000000eb6f4010,0x00000000eb700000)
  to   space 512K, 0% used [0x00000000eb600000,0x00000000eb600000,0x00000000eb680000)
 ParOldGen       total 300032K, used 278826K [0x00000000c0000000, 0x00000000d2500000, 0x00000000eab00000)
  object space 300032K, 92% used [0x00000000c0000000,0x00000000d104a880,0x00000000d2500000)
 Metaspace       used 74853K, committed 75712K, reserved 1122304K
  class space    used 7839K, committed 8192K, reserved 1048576K
}
Event: 9231.978 GC heap after
{Heap after GC invocations=412 (full 13):
 PSYoungGen      total 8192K, used 480K [0x00000000eab00000, 0x00000000eb700000, 0x0000000100000000)
  eden space 7680K, 0% used [0x00000000eab00000,0x00000000eab00000,0x00000000eb280000)
  from space 512K, 93% used [0x00000000eb600000,0x00000000eb678000,0x00000000eb680000)
  to   space 512K, 0% used [0x00000000eb680000,0x00000000eb680000,0x00000000eb700000)
 ParOldGen       total 300032K, used 278834K [0x00000000c0000000, 0x00000000d2500000, 0x00000000eab00000)
  object space 300032K, 92% used [0x00000000c0000000,0x00000000d104c880,0x00000000d2500000)
 Metaspace       used 74853K, committed 75712K, reserved 1122304K
  class space    used 7839K, committed 8192K, reserved 1048576K
}

